<?xml version="1.0" encoding="UTF-8"?>
<!-- Generated by org.testng.reporters.JUnitReportReporter -->
<testsuite hostname="LAPTOP-F8DOCFCB" failures="0" tests="1" name="test.LoginTest" time="5.610" errors="0" timestamp="2025-05-10T21:25:17 IST" skipped="0">
  <testcase classname="test.LoginTest" name="testvalidlogin" time="5.610"/>
</testsuite> <!-- test.LoginTest -->
