<?xml version="1.0" encoding="UTF-8"?>
<!-- Generated by org.testng.reporters.JUnitReportReporter -->
<testsuite hostname="LAPTOP-F8DOCFCB" failures="0" tests="1" name="test.LoginTest" time="16.672" errors="0" timestamp="2025-06-01T10:38:28 IST" skipped="0">
  <testcase classname="test.LoginTest" name="testvalidlogin" time="16.672"/>
</testsuite> <!-- test.LoginTest -->
